SF:/home/pwrshi/pets/langchain_gigachat/test/src/embeddings/embeddings_test.dart
DA:7,1
DA:10,2
DA:11,1
DA:12,2
DA:13,2
DA:17,2
DA:18,2
DA:19,1
DA:20,1
DA:23,2
DA:24,2
DA:28,3
DA:29,4
LF:13
LH:13
end_of_record
SF:/home/pwrshi/pets/langchain_gigachat/test/src/llms/llms_test.dart
DA:12,1
DA:15,2
DA:16,1
DA:17,2
DA:18,2
DA:22,2
DA:23,2
DA:24,2
DA:25,2
DA:26,2
DA:27,2
DA:28,2
DA:29,3
DA:30,3
DA:31,3
DA:34,2
DA:35,2
DA:36,1
DA:41,1
DA:42,1
DA:46,1
DA:50,1
DA:51,1
DA:52,1
DA:55,2
DA:56,2
DA:58,2
DA:59,3
DA:60,3
DA:61,3
DA:64,2
DA:65,1
DA:72,2
DA:75,2
DA:77,1
DA:79,2
DA:80,1
DA:81,1
DA:83,1
DA:84,3
DA:85,2
DA:87,2
LF:42
LH:42
end_of_record
SF:/home/pwrshi/pets/langchain_gigachat/test/src/chat_models/chat_models_test.dart
DA:11,1
DA:14,2
DA:15,1
DA:16,2
DA:17,2
DA:21,2
DA:22,2
DA:23,2
DA:24,2
DA:25,2
DA:26,3
DA:27,2
DA:28,3
DA:29,3
DA:30,3
DA:33,2
DA:34,2
DA:35,1
DA:40,1
DA:41,1
DA:45,1
DA:49,1
DA:50,2
DA:51,1
DA:54,2
DA:55,2
DA:57,2
DA:58,3
DA:59,3
DA:60,3
DA:63,2
DA:64,1
DA:71,2
DA:74,2
DA:76,1
DA:78,2
DA:79,1
DA:80,1
DA:82,1
DA:83,3
DA:84,2
DA:86,2
LF:42
LH:42
end_of_record
